17:23:29.193 [main] DEBUG org.apache.poi.openxml4j.opc.PackageRelationshipCollection - Parsing relationship: /xl/worksheets/_rels/sheet1.xml.rels
17:23:29.241 [main] DEBUG org.apache.poi.openxml4j.opc.PackageRelationshipCollection - Parsing relationship: /_rels/.rels
17:23:29.321 [main] DEBUG org.apache.poi.ooxml.POIXMLFactory - using default POIXMLDocumentPart for http://schemas.microsoft.com/office/2017/10/relationships/person
17:23:29.509 [main] INFO  testCases.TC003_LoginDDT - *******Initiating TC003_LoginTestDDT********
17:23:29.592 [main] INFO  testCases.TC003_LoginDDT - Clicking on MyAccount
17:23:29.719 [main] INFO  testCases.TC003_LoginDDT - Clicking on Login_Btn
17:23:29.968 [main] INFO  testCases.TC003_LoginDDT - Submitting mail & pwd for login
17:23:30.254 [main] INFO  testCases.TC003_LoginDDT - *******Validating*******
17:23:31.848 [main] INFO  testCases.TC003_LoginDDT - *******Finished TC003_LoginTestDDT********
17:23:31.858 [main] INFO  testCases.TC003_LoginDDT - *******Initiating TC003_LoginTestDDT********
17:23:31.858 [main] INFO  testCases.TC003_LoginDDT - Clicking on MyAccount
17:23:31.939 [main] INFO  testCases.TC003_LoginDDT - Clicking on Login_Btn
17:23:32.180 [main] INFO  testCases.TC003_LoginDDT - Submitting mail & pwd for login
17:23:32.407 [main] INFO  testCases.TC003_LoginDDT - *******Validating*******
17:23:43.352 [main] INFO  testCases.TC003_LoginDDT - *******Finished TC003_LoginTestDDT********
17:23:43.352 [main] INFO  testCases.TC003_LoginDDT - *******Initiating TC003_LoginTestDDT********
17:23:43.352 [main] INFO  testCases.TC003_LoginDDT - Clicking on MyAccount
17:23:43.422 [main] INFO  testCases.TC003_LoginDDT - Clicking on Login_Btn
17:23:43.674 [main] INFO  testCases.TC003_LoginDDT - Submitting mail & pwd for login
17:23:43.891 [main] INFO  testCases.TC003_LoginDDT - *******Validating*******
17:23:45.480 [main] ERROR testCases.TC003_LoginDDT - *******Not Validated********
17:23:45.879 [main] INFO  testCases.TC003_LoginDDT - *******Initiating TC003_LoginTestDDT********
17:23:45.880 [main] INFO  testCases.TC003_LoginDDT - Clicking on MyAccount
17:23:45.954 [main] INFO  testCases.TC003_LoginDDT - Clicking on Login_Btn
17:23:46.777 [main] INFO  testCases.TC003_LoginDDT - Submitting mail & pwd for login
17:23:46.976 [main] INFO  testCases.TC003_LoginDDT - *******Validating*******
17:23:57.776 [main] INFO  testCases.TC003_LoginDDT - *******Finished TC003_LoginTestDDT********
17:23:57.776 [main] INFO  testCases.TC003_LoginDDT - *******Initiating TC003_LoginTestDDT********
17:23:57.776 [main] INFO  testCases.TC003_LoginDDT - Clicking on MyAccount
17:23:57.885 [main] INFO  testCases.TC003_LoginDDT - Clicking on Login_Btn
17:23:58.149 [main] INFO  testCases.TC003_LoginDDT - Submitting mail & pwd for login
17:23:58.376 [main] INFO  testCases.TC003_LoginDDT - *******Validating*******
17:23:59.628 [main] INFO  testCases.TC003_LoginDDT - *******Finished TC003_LoginTestDDT********
17:24:18.202 [main] DEBUG org.testng.TestNG - suiteXmlPath: "M:\OpencartV1\grouping.xml"
17:24:18.361 [main] INFO  org.testng.internal.Utils - [TestNG] Running:
  M:\OpencartV1\grouping.xml

17:26:46.133 [main] DEBUG org.testng.TestNG - suiteXmlPath: "M:\OpencartV1\grouping.xml"
17:26:46.278 [main] INFO  org.testng.internal.Utils - [TestNG] Running:
  M:\OpencartV1\grouping.xml

17:28:10.902 [main] DEBUG org.testng.TestNG - suiteXmlPath: "M:\OpencartV1\grouping.xml"
17:28:11.054 [main] INFO  org.testng.internal.Utils - [TestNG] Running:
  M:\OpencartV1\grouping.xml

17:32:27.638 [main] DEBUG org.testng.TestNG - suiteXmlPath: "M:\OpencartV1\grouping.xml"
17:32:27.786 [main] INFO  org.testng.internal.Utils - [TestNG] Running:
  M:\OpencartV1\grouping.xml

17:36:13.543 [main] DEBUG org.testng.TestNG - suiteXmlPath: "M:\OpencartV1\grouping.xml"
17:36:13.709 [main] INFO  org.testng.internal.Utils - [TestNG] Running:
  M:\OpencartV1\grouping.xml

17:39:02.210 [main] DEBUG org.testng.TestNG - suiteXmlPath: "M:\OpencartV1\grouping.xml"
17:39:02.379 [main] INFO  org.testng.internal.Utils - [TestNG] Running:
  M:\OpencartV1\grouping.xml

17:39:05.078 [main] INFO  testCases.TC001_AccountRegTest - *******Starting TC001_AccountRegTest********
17:39:05.096 [main] INFO  testCases.TC001_AccountRegTest - Clicking on Account
17:39:05.164 [main] INFO  testCases.TC001_AccountRegTest - Clicking on Register
17:39:06.755 [main] INFO  testCases.TC001_AccountRegTest - Submitting Basic Customer Info
17:39:07.369 [main] INFO  testCases.TC001_AccountRegTest - ********Doing Validation*********
17:39:13.036 [main] INFO  testCases.TC001_AccountRegTest - **********Finished Tests***********
18:59:01.980 [main] DEBUG org.testng.TestNG - suiteXmlPath: "M:\OpencartV1\grouping.xml"
18:59:02.206 [main] INFO  org.testng.internal.Utils - [TestNG] Running:
  M:\OpencartV1\grouping.xml

18:59:05.358 [main] INFO  testCases.TC001_AccountRegTest - *******Starting TC001_AccountRegTest********
18:59:05.394 [main] INFO  testCases.TC001_AccountRegTest - Clicking on Account
18:59:05.473 [main] INFO  testCases.TC001_AccountRegTest - Clicking on Register
18:59:06.046 [main] INFO  testCases.TC001_AccountRegTest - Submitting Basic Customer Info
18:59:06.657 [main] INFO  testCases.TC001_AccountRegTest - ********Doing Validation*********
18:59:17.579 [main] ERROR testCases.TC001_AccountRegTest - *******Not Validated********
18:59:17.581 [main] DEBUG testCases.TC001_AccountRegTest - Debug logs....
18:59:17.589 [main] INFO  testCases.TC001_AccountRegTest - **********Finished Tests***********
18:59:21.688 [main] INFO  testCases.TC002_LoginTest - *******Initiating TC002_LoginTest********
18:59:21.688 [main] INFO  testCases.TC002_LoginTest - Clicking on MyAccount
18:59:21.767 [main] INFO  testCases.TC002_LoginTest - Clicking on Login_Btn
18:59:22.004 [main] INFO  testCases.TC002_LoginTest - Submitting mail & pwd for login
18:59:22.228 [main] INFO  testCases.TC002_LoginTest - *******Validating*******
18:59:23.216 [main] INFO  testCases.TC002_LoginTest - Finished Test
19:06:09.738 [main] DEBUG org.testng.TestNG - suiteXmlPath: "M:\OpencartV1\grouping.xml"
19:06:09.959 [main] INFO  org.testng.internal.Utils - [TestNG] Running:
  M:\OpencartV1\grouping.xml

19:06:12.193 [main] INFO  testCases.TC001_AccountRegTest - *******Starting TC001_AccountRegTest********
19:06:12.216 [main] INFO  testCases.TC001_AccountRegTest - Clicking on Account
19:06:12.289 [main] INFO  testCases.TC001_AccountRegTest - Clicking on Register
19:06:12.725 [main] INFO  testCases.TC001_AccountRegTest - Submitting Basic Customer Info
19:06:15.822 [main] INFO  testCases.TC001_AccountRegTest - ********Doing Validation*********
19:06:15.857 [main] INFO  testCases.TC001_AccountRegTest - **********Finished Tests***********
19:06:19.643 [main] INFO  testCases.TC002_LoginTest - *******Initiating TC002_LoginTest********
19:06:19.643 [main] INFO  testCases.TC002_LoginTest - Clicking on MyAccount
19:06:19.721 [main] INFO  testCases.TC002_LoginTest - Clicking on Login_Btn
19:06:20.006 [main] INFO  testCases.TC002_LoginTest - Submitting mail & pwd for login
19:06:20.246 [main] INFO  testCases.TC002_LoginTest - *******Validating*******
19:06:21.539 [main] INFO  testCases.TC002_LoginTest - Finished Test
19:09:34.542 [main] DEBUG org.testng.TestNG - suiteXmlPath: "M:\OpencartV1\grouping.xml"
19:09:34.776 [main] INFO  org.testng.internal.Utils - [TestNG] Running:
  M:\OpencartV1\grouping.xml

19:09:37.080 [main] INFO  testCases.TC001_AccountRegTest - *******Starting TC001_AccountRegTest********
19:09:37.100 [main] INFO  testCases.TC001_AccountRegTest - Clicking on Account
19:09:37.178 [main] INFO  testCases.TC001_AccountRegTest - Clicking on Register
19:09:37.542 [main] INFO  testCases.TC001_AccountRegTest - Submitting Basic Customer Info
19:09:39.015 [main] INFO  testCases.TC001_AccountRegTest - ********Doing Validation*********
19:09:39.070 [main] INFO  testCases.TC001_AccountRegTest - **********Finished Tests***********
19:09:43.005 [main] INFO  testCases.TC002_LoginTest - *******Initiating TC002_LoginTest********
19:09:43.011 [main] INFO  testCases.TC002_LoginTest - Clicking on MyAccount
19:09:43.084 [main] INFO  testCases.TC002_LoginTest - Clicking on Login_Btn
19:09:43.360 [main] INFO  testCases.TC002_LoginTest - Submitting mail & pwd for login
19:09:43.571 [main] INFO  testCases.TC002_LoginTest - *******Validating*******
19:09:44.512 [main] INFO  testCases.TC002_LoginTest - Finished Test
19:15:13.960 [main] DEBUG org.testng.TestNG - suiteXmlPath: "M:\OpencartV1\grouping.xml"
19:15:14.201 [main] INFO  org.testng.internal.Utils - [TestNG] Running:
  M:\OpencartV1\grouping.xml

19:15:16.543 [main] INFO  testCases.TC001_AccountRegTest - *******Starting TC001_AccountRegTest********
19:15:16.574 [main] INFO  testCases.TC001_AccountRegTest - Clicking on Account
19:15:16.653 [main] INFO  testCases.TC001_AccountRegTest - Clicking on Register
19:15:17.175 [main] INFO  testCases.TC001_AccountRegTest - Submitting Basic Customer Info
19:15:18.824 [main] INFO  testCases.TC001_AccountRegTest - ********Doing Validation*********
19:15:18.865 [main] INFO  testCases.TC001_AccountRegTest - **********Finished Tests***********
19:15:22.574 [main] INFO  testCases.TC002_LoginTest - *******Initiating TC002_LoginTest********
19:15:22.579 [main] INFO  testCases.TC002_LoginTest - Clicking on MyAccount
19:15:22.652 [main] INFO  testCases.TC002_LoginTest - Clicking on Login_Btn
19:15:22.955 [main] INFO  testCases.TC002_LoginTest - Submitting mail & pwd for login
19:15:23.188 [main] INFO  testCases.TC002_LoginTest - *******Validating*******
19:15:24.098 [main] INFO  testCases.TC002_LoginTest - Finished Test
20:28:14.687 [main] DEBUG org.testng.TestNG - suiteXmlPath: "M:\OpencartV1\master.xml"
20:28:14.935 [main] INFO  org.testng.internal.Utils - [TestNG] Running:
  M:\OpencartV1\master.xml

20:28:23.386 [main] INFO  testCases.TC002_LoginTest - *******Initiating TC002_LoginTest********
20:28:23.413 [main] INFO  testCases.TC002_LoginTest - Clicking on MyAccount
20:28:23.508 [main] INFO  testCases.TC002_LoginTest - Clicking on Login_Btn
20:28:23.782 [main] INFO  testCases.TC002_LoginTest - Submitting mail & pwd for login
20:28:24.050 [main] INFO  testCases.TC002_LoginTest - *******Validating*******
20:28:25.108 [main] INFO  testCases.TC002_LoginTest - Finished Test
20:29:34.580 [main] DEBUG org.testng.TestNG - suiteXmlPath: "M:\OpencartV1\master.xml"
20:29:34.824 [main] INFO  org.testng.internal.Utils - [TestNG] Running:
  M:\OpencartV1\master.xml

20:29:38.333 [main] INFO  testCases.TC002_LoginTest - *******Initiating TC002_LoginTest********
20:29:38.397 [main] INFO  testCases.TC002_LoginTest - Clicking on MyAccount
20:29:38.550 [main] INFO  testCases.TC002_LoginTest - Clicking on Login_Btn
20:29:39.004 [main] INFO  testCases.TC002_LoginTest - Submitting mail & pwd for login
20:29:39.404 [main] INFO  testCases.TC002_LoginTest - *******Validating*******
20:29:40.839 [main] INFO  testCases.TC002_LoginTest - Finished Test
20:32:51.806 [main] DEBUG org.testng.TestNG - suiteXmlPath: "M:\OpencartV1\master.xml"
20:32:52.049 [main] INFO  org.testng.internal.Utils - [TestNG] Running:
  M:\OpencartV1\master.xml

20:32:54.583 [main] INFO  testCases.TC002_LoginTest - *******Initiating TC002_LoginTest********
20:32:54.611 [main] INFO  testCases.TC002_LoginTest - Clicking on MyAccount
20:32:54.717 [main] INFO  testCases.TC002_LoginTest - Clicking on Login_Btn
20:32:55.093 [main] INFO  testCases.TC002_LoginTest - Submitting mail & pwd for login
20:32:55.462 [main] INFO  testCases.TC002_LoginTest - *******Validating*******
20:32:56.772 [main] INFO  testCases.TC002_LoginTest - Finished Test
14:38:07.784 [main] DEBUG org.testng.TestNG - suiteXmlPath: "M:\OpencartV1\grid-docker.xml"
14:38:08.033 [main] INFO  org.testng.internal.Utils - [TestNG] Running:
  M:\OpencartV1\grid-docker.xml

14:38:11.786 [main] INFO  testCases.TC002_LoginTest - *******Initiating TC002_LoginTest********
14:38:11.844 [main] INFO  testCases.TC002_LoginTest - Clicking on MyAccount
14:38:11.931 [main] INFO  testCases.TC002_LoginTest - Clicking on Login_Btn
14:38:12.195 [main] INFO  testCases.TC002_LoginTest - Submitting mail & pwd for login
14:38:12.445 [main] INFO  testCases.TC002_LoginTest - *******Validating*******
14:38:13.237 [main] INFO  testCases.TC002_LoginTest - Finished Test
14:42:02.058 [main] DEBUG org.testng.TestNG - suiteXmlPath: "M:\OpencartV1\grouping.xml"
14:42:02.218 [main] INFO  org.testng.internal.Utils - [TestNG] Running:
  M:\OpencartV1\grouping.xml

14:43:34.707 [main] DEBUG org.testng.TestNG - suiteXmlPath: "M:\OpencartV1\grouping.xml"
14:43:34.885 [main] INFO  org.testng.internal.Utils - [TestNG] Running:
  M:\OpencartV1\grouping.xml

14:44:45.645 [main] DEBUG org.testng.TestNG - suiteXmlPath: "M:\OpencartV1\grouping.xml"
14:44:45.829 [main] INFO  org.testng.internal.Utils - [TestNG] Running:
  M:\OpencartV1\grouping.xml

14:46:31.988 [main] DEBUG org.testng.TestNG - suiteXmlPath: "M:\OpencartV1\grouping.xml"
14:46:32.151 [main] INFO  org.testng.internal.Utils - [TestNG] Running:
  M:\OpencartV1\grouping.xml

14:47:34.459 [main] DEBUG org.testng.TestNG - suiteXmlPath: "M:\OpencartV1\grouping.xml"
14:47:34.622 [main] INFO  org.testng.internal.Utils - [TestNG] Running:
  M:\OpencartV1\grouping.xml

14:49:09.651 [main] DEBUG org.testng.TestNG - suiteXmlPath: "M:\OpencartV1\grouping.xml"
14:49:09.813 [main] INFO  org.testng.internal.Utils - [TestNG] Running:
  M:\OpencartV1\grouping.xml

14:49:12.808 [main] INFO  testCases.TC001_AccountRegTest - *******Starting TC001_AccountRegTest********
14:49:12.841 [main] INFO  testCases.TC001_AccountRegTest - Clicking on Account
14:49:12.942 [main] INFO  testCases.TC001_AccountRegTest - Clicking on Register
14:49:13.324 [main] INFO  testCases.TC001_AccountRegTest - Submitting Basic Customer Info
14:49:13.724 [main] INFO  testCases.TC001_AccountRegTest - ********Doing Validation*********
14:49:14.586 [main] INFO  testCases.TC001_AccountRegTest - **********Finished Tests***********
14:49:19.730 [main] INFO  testCases.TC002_LoginTest - *******Initiating TC002_LoginTest********
14:49:19.730 [main] INFO  testCases.TC002_LoginTest - Clicking on MyAccount
14:49:19.787 [main] INFO  testCases.TC002_LoginTest - Clicking on Login_Btn
14:49:20.006 [main] INFO  testCases.TC002_LoginTest - Submitting mail & pwd for login
14:49:20.227 [main] INFO  testCases.TC002_LoginTest - *******Validating*******
14:49:21.045 [main] INFO  testCases.TC002_LoginTest - Finished Test
14:51:48.471 [main] DEBUG org.testng.TestNG - suiteXmlPath: "M:\OpencartV1\master.xml"
14:51:48.660 [main] INFO  org.testng.internal.Utils - [TestNG] Running:
  M:\OpencartV1\master.xml

14:51:50.519 [main] INFO  testCases.TC002_LoginTest - *******Initiating TC002_LoginTest********
14:51:50.528 [main] INFO  testCases.TC002_LoginTest - Clicking on MyAccount
14:51:50.608 [main] INFO  testCases.TC002_LoginTest - Clicking on Login_Btn
14:51:50.873 [main] INFO  testCases.TC002_LoginTest - Submitting mail & pwd for login
14:51:51.113 [main] INFO  testCases.TC002_LoginTest - *******Validating*******
14:51:52.055 [main] INFO  testCases.TC002_LoginTest - Finished Test
14:57:15.768 [main] DEBUG org.testng.TestNG - suiteXmlPath: "M:\OpencartV1\master.xml"
14:57:15.915 [main] INFO  org.testng.internal.Utils - [TestNG] Running:
  M:\OpencartV1\master.xml

14:57:17.713 [main] INFO  testCases.TC002_LoginTest - *******Initiating TC002_LoginTest********
14:57:17.723 [main] INFO  testCases.TC002_LoginTest - Clicking on MyAccount
14:57:17.802 [main] INFO  testCases.TC002_LoginTest - Clicking on Login_Btn
14:57:18.363 [main] INFO  testCases.TC002_LoginTest - Submitting mail & pwd for login
14:57:18.571 [main] INFO  testCases.TC002_LoginTest - *******Validating*******
14:57:19.970 [main] INFO  testCases.TC002_LoginTest - Finished Test
14:58:29.270 [main] DEBUG org.testng.TestNG - suiteXmlPath: "M:\OpencartV1\master.xml"
14:58:29.438 [main] INFO  org.testng.internal.Utils - [TestNG] Running:
  M:\OpencartV1\master.xml

14:58:34.833 [main] INFO  testCases.TC002_LoginTest - *******Initiating TC002_LoginTest********
14:58:34.860 [main] INFO  testCases.TC002_LoginTest - Clicking on MyAccount
14:58:35.017 [main] INFO  testCases.TC002_LoginTest - Clicking on Login_Btn
14:58:35.283 [main] INFO  testCases.TC002_LoginTest - Submitting mail & pwd for login
14:58:36.172 [main] INFO  testCases.TC002_LoginTest - *******Validating*******
14:58:36.222 [main] INFO  testCases.TC002_LoginTest - Finished Test
15:01:15.356 [main] DEBUG org.testng.TestNG - suiteXmlPath: "M:\OpencartV1\master.xml"
15:01:42.607 [main] DEBUG org.testng.TestNG - suiteXmlPath: "M:\OpencartV1\master.xml"
15:01:42.792 [main] INFO  org.testng.internal.Utils - [TestNG] Running:
  M:\OpencartV1\master.xml

15:01:44.732 [main] INFO  testCases.TC001_AccountRegTest - *******Starting TC001_AccountRegTest********
15:01:44.744 [main] INFO  testCases.TC001_AccountRegTest - Clicking on Account
15:01:44.826 [main] INFO  testCases.TC001_AccountRegTest - Clicking on Register
15:01:45.196 [main] INFO  testCases.TC001_AccountRegTest - Submitting Basic Customer Info
15:01:46.745 [main] INFO  testCases.TC001_AccountRegTest - ********Doing Validation*********
15:01:46.789 [main] INFO  testCases.TC001_AccountRegTest - **********Finished Tests***********
15:01:50.126 [main] INFO  testCases.TC002_LoginTest - *******Initiating TC002_LoginTest********
15:01:50.126 [main] INFO  testCases.TC002_LoginTest - Clicking on MyAccount
15:01:50.224 [main] INFO  testCases.TC002_LoginTest - Clicking on Login_Btn
15:01:50.463 [main] INFO  testCases.TC002_LoginTest - Submitting mail & pwd for login
15:01:51.571 [main] INFO  testCases.TC002_LoginTest - *******Validating*******
15:01:51.610 [main] INFO  testCases.TC002_LoginTest - Finished Test
15:01:57.490 [main] INFO  testCases.TC001_AccountRegTest - *******Starting TC001_AccountRegTest********
15:01:57.491 [main] INFO  testCases.TC001_AccountRegTest - Clicking on Account
15:01:57.623 [main] INFO  testCases.TC001_AccountRegTest - Clicking on Register
15:01:57.932 [main] INFO  testCases.TC001_AccountRegTest - Submitting Basic Customer Info
15:01:59.105 [main] INFO  testCases.TC001_AccountRegTest - ********Doing Validation*********
15:01:59.137 [main] INFO  testCases.TC001_AccountRegTest - **********Finished Tests***********
15:02:05.617 [main] INFO  testCases.TC002_LoginTest - *******Initiating TC002_LoginTest********
15:02:05.618 [main] INFO  testCases.TC002_LoginTest - Clicking on MyAccount
15:02:05.720 [main] INFO  testCases.TC002_LoginTest - Clicking on Login_Btn
15:02:05.948 [main] INFO  testCases.TC002_LoginTest - Submitting mail & pwd for login
15:02:06.830 [main] INFO  testCases.TC002_LoginTest - *******Validating*******
15:02:06.858 [main] INFO  testCases.TC002_LoginTest - Finished Test
18:12:36.194 [main] DEBUG org.testng.TestNG - suiteXmlPath: "M:\OpencartV1\master.xml"
18:12:36.416 [main] INFO  org.testng.internal.Utils - [TestNG] Running:
  M:\OpencartV1\master.xml

18:12:39.391 [main] INFO  testCases.TC001_AccountRegTest - *******Starting TC001_AccountRegTest********
18:12:39.452 [main] INFO  testCases.TC001_AccountRegTest - Clicking on Account
18:12:39.509 [main] INFO  testCases.TC001_AccountRegTest - Clicking on Register
18:12:39.837 [main] INFO  testCases.TC001_AccountRegTest - Submitting Basic Customer Info
18:12:42.076 [main] INFO  testCases.TC001_AccountRegTest - ********Doing Validation*********
18:12:42.119 [main] INFO  testCases.TC001_AccountRegTest - **********Finished Tests***********
18:12:45.831 [main] INFO  testCases.TC002_LoginTest - *******Initiating TC002_LoginTest********
18:12:45.831 [main] INFO  testCases.TC002_LoginTest - Clicking on MyAccount
18:12:45.873 [main] INFO  testCases.TC002_LoginTest - Clicking on Login_Btn
18:12:46.117 [main] INFO  testCases.TC002_LoginTest - Submitting mail & pwd for login
18:12:46.322 [main] INFO  testCases.TC002_LoginTest - *******Validating*******
18:12:47.508 [main] INFO  testCases.TC002_LoginTest - Finished Test
18:28:15.430 [main] DEBUG org.testng.TestNG - suiteXmlPath: "M:\OpencartV1\master.xml"
18:28:15.600 [main] INFO  org.testng.internal.Utils - [TestNG] Running:
  M:\OpencartV1\master.xml

18:28:17.508 [main] INFO  testCases.TC001_AccountRegTest - *******Starting TC001_AccountRegTest********
18:28:17.511 [main] INFO  testCases.TC001_AccountRegTest - Clicking on Account
18:28:17.574 [main] INFO  testCases.TC001_AccountRegTest - Clicking on Register
18:28:17.868 [main] INFO  testCases.TC001_AccountRegTest - Submitting Basic Customer Info
18:28:19.242 [main] INFO  testCases.TC001_AccountRegTest - ********Doing Validation*********
18:28:19.282 [main] INFO  testCases.TC001_AccountRegTest - **********Finished Tests***********
18:28:23.122 [main] INFO  testCases.TC002_LoginTest - *******Initiating TC002_LoginTest********
18:28:23.122 [main] INFO  testCases.TC002_LoginTest - Clicking on MyAccount
18:28:23.202 [main] INFO  testCases.TC002_LoginTest - Clicking on Login_Btn
18:28:23.420 [main] INFO  testCases.TC002_LoginTest - Submitting mail & pwd for login
18:28:24.363 [main] INFO  testCases.TC002_LoginTest - *******Validating*******
18:28:24.377 [main] INFO  testCases.TC002_LoginTest - Finished Test
19:15:05.222 [main] DEBUG org.testng.TestNG - suiteXmlPath: "M:\OpencartV1\master.xml"
19:15:09.338 [main] INFO  testCases.TC001_AccountRegTest - *******Starting TC001_AccountRegTest********
19:15:09.360 [main] INFO  testCases.TC001_AccountRegTest - Clicking on Account
19:15:09.442 [main] INFO  testCases.TC001_AccountRegTest - Clicking on Register
19:15:10.062 [main] INFO  testCases.TC001_AccountRegTest - Submitting Basic Customer Info
19:15:12.727 [main] INFO  testCases.TC001_AccountRegTest - ********Doing Validation*********
19:15:12.770 [main] INFO  testCases.TC001_AccountRegTest - **********Finished Tests***********
19:15:16.784 [main] INFO  testCases.TC002_LoginTest - *******Initiating TC002_LoginTest********
19:15:16.784 [main] INFO  testCases.TC002_LoginTest - Clicking on MyAccount
19:15:16.864 [main] INFO  testCases.TC002_LoginTest - Clicking on Login_Btn
19:15:17.148 [main] INFO  testCases.TC002_LoginTest - Submitting mail & pwd for login
19:15:18.417 [main] INFO  testCases.TC002_LoginTest - *******Validating*******
19:15:18.462 [main] INFO  testCases.TC002_LoginTest - Finished Test
19:16:40.223 [main] DEBUG org.testng.TestNG - suiteXmlPath: "M:\OpencartV1\master.xml"
19:16:44.027 [main] INFO  testCases.TC002_LoginTest - *******Initiating TC002_LoginTest********
19:16:44.044 [main] INFO  testCases.TC002_LoginTest - Clicking on MyAccount
19:16:44.140 [main] INFO  testCases.TC002_LoginTest - Clicking on Login_Btn
19:16:44.425 [main] INFO  testCases.TC002_LoginTest - Submitting mail & pwd for login
19:16:44.751 [main] INFO  testCases.TC002_LoginTest - *******Validating*******
19:16:45.752 [main] INFO  testCases.TC002_LoginTest - Finished Test
19:17:38.326 [main] DEBUG org.testng.TestNG - suiteXmlPath: "M:\OpencartV1\master.xml"
19:17:40.909 [main] INFO  testCases.TC001_AccountRegTest - *******Starting TC001_AccountRegTest********
19:17:40.939 [main] INFO  testCases.TC001_AccountRegTest - Clicking on Account
19:17:41.035 [main] INFO  testCases.TC001_AccountRegTest - Clicking on Register
19:17:41.377 [main] INFO  testCases.TC001_AccountRegTest - Submitting Basic Customer Info
19:17:42.986 [main] INFO  testCases.TC001_AccountRegTest - ********Doing Validation*********
19:17:43.031 [main] INFO  testCases.TC001_AccountRegTest - **********Finished Tests***********
19:17:47.016 [main] INFO  testCases.TC002_LoginTest - *******Initiating TC002_LoginTest********
19:17:47.016 [main] INFO  testCases.TC002_LoginTest - Clicking on MyAccount
19:17:47.080 [main] INFO  testCases.TC002_LoginTest - Clicking on Login_Btn
19:17:47.349 [main] INFO  testCases.TC002_LoginTest - Submitting mail & pwd for login
19:17:47.572 [main] INFO  testCases.TC002_LoginTest - *******Validating*******
19:17:48.676 [main] INFO  testCases.TC002_LoginTest - Finished Test
13:03:46.170 [main] DEBUG org.testng.TestNG - suiteXmlPath: "M:\OpencartV1\master.xml"
13:03:50.002 [main] INFO  testCases.TC001_AccountRegTest - *******Starting TC001_AccountRegTest********
13:03:50.050 [main] INFO  testCases.TC001_AccountRegTest - Clicking on Account
13:03:50.114 [main] INFO  testCases.TC001_AccountRegTest - Clicking on Register
13:03:50.484 [main] INFO  testCases.TC001_AccountRegTest - Submitting Basic Customer Info
13:03:52.098 [main] INFO  testCases.TC001_AccountRegTest - ********Doing Validation*********
13:03:52.153 [main] INFO  testCases.TC001_AccountRegTest - **********Finished Tests***********
13:03:56.237 [main] INFO  testCases.TC002_LoginTest - *******Initiating TC002_LoginTest********
13:03:56.237 [main] INFO  testCases.TC002_LoginTest - Clicking on MyAccount
13:03:56.301 [main] INFO  testCases.TC002_LoginTest - Clicking on Login_Btn
13:03:56.560 [main] INFO  testCases.TC002_LoginTest - Submitting mail & pwd for login
13:03:56.775 [main] INFO  testCases.TC002_LoginTest - *******Validating*******
13:03:57.861 [main] INFO  testCases.TC002_LoginTest - Finished Test
13:14:08.655 [main] DEBUG org.testng.TestNG - suiteXmlPath: "M:\OpencartV1\master.xml"
13:14:11.111 [main] INFO  testCases.TC001_AccountRegTest - *******Starting TC001_AccountRegTest********
13:14:11.143 [main] INFO  testCases.TC001_AccountRegTest - Clicking on Account
13:14:11.247 [main] INFO  testCases.TC001_AccountRegTest - Clicking on Register
13:14:11.624 [main] INFO  testCases.TC001_AccountRegTest - Submitting Basic Customer Info
13:14:12.403 [main] INFO  testCases.TC001_AccountRegTest - ********Doing Validation*********
13:14:13.575 [main] INFO  testCases.TC001_AccountRegTest - **********Finished Tests***********
13:14:17.357 [main] INFO  testCases.TC002_LoginTest - *******Initiating TC002_LoginTest********
13:14:17.359 [main] INFO  testCases.TC002_LoginTest - Clicking on MyAccount
13:14:17.439 [main] INFO  testCases.TC002_LoginTest - Clicking on Login_Btn
13:14:18.420 [main] INFO  testCases.TC002_LoginTest - Submitting mail & pwd for login
13:14:18.651 [main] INFO  testCases.TC002_LoginTest - *******Validating*******
13:14:19.881 [main] INFO  testCases.TC002_LoginTest - Finished Test
13:23:49.289 [main] DEBUG org.testng.TestNG - suiteXmlPath: "M:\OpencartV1\master.xml"
13:23:49.537 [main] INFO  org.testng.internal.Utils - [TestNG] Running:
  M:\OpencartV1\master.xml

13:34:39.279 [main] DEBUG org.testng.TestNG - suiteXmlPath: "M:\OpencartV1\master.xml"
13:34:39.512 [main] INFO  org.testng.internal.Utils - [TestNG] Running:
  M:\OpencartV1\master.xml

13:34:42.368 [main] INFO  testCases.TC001_AccountRegTest - *******Starting TC001_AccountRegTest********
13:34:42.379 [main] INFO  testCases.TC001_AccountRegTest - Clicking on Account
13:34:42.488 [main] INFO  testCases.TC001_AccountRegTest - Clicking on Register
13:34:42.940 [main] INFO  testCases.TC001_AccountRegTest - Submitting Basic Customer Info
13:34:44.721 [main] INFO  testCases.TC001_AccountRegTest - ********Doing Validation*********
13:34:44.775 [main] INFO  testCases.TC001_AccountRegTest - **********Finished Tests***********
13:34:48.421 [main] INFO  testCases.TC002_LoginTest - *******Initiating TC002_LoginTest********
13:34:48.422 [main] INFO  testCases.TC002_LoginTest - Clicking on MyAccount
13:34:48.546 [main] INFO  testCases.TC002_LoginTest - Clicking on Login_Btn
13:34:48.860 [main] INFO  testCases.TC002_LoginTest - Submitting mail & pwd for login
13:34:49.227 [main] INFO  testCases.TC002_LoginTest - *******Validating*******
13:34:50.152 [main] INFO  testCases.TC002_LoginTest - Finished Test
13:38:35.473 [main] DEBUG org.testng.TestNG - suiteXmlPath: "M:\OpencartV1\master.xml"
13:38:35.726 [main] INFO  org.testng.internal.Utils - [TestNG] Running:
  M:\OpencartV1\master.xml

13:47:17.244 [main] DEBUG org.testng.TestNG - suiteXmlPath: "M:\OpencartV1\master.xml"
13:47:17.579 [main] INFO  org.testng.internal.Utils - [TestNG] Running:
  M:\OpencartV1\master.xml

20:48:32.063 [main] DEBUG org.testng.TestNG - suiteXmlPath: "M:\OpencartV1\master.xml"
20:50:55.225 [main] DEBUG org.testng.TestNG - suiteXmlPath: "M:\OpencartV1\master.xml"
20:52:52.970 [main] DEBUG org.testng.TestNG - suiteXmlPath: "M:\OpencartV1\master.xml"
20:52:53.393 [main] INFO  testCases.TC001_AccountRegTest - *******Starting TC001_AccountRegTest********
20:52:53.433 [main] INFO  testCases.TC001_AccountRegTest - Clicking on Account
20:52:53.436 [main] INFO  testCases.TC001_AccountRegTest - **********Finished Tests***********
20:53:59.546 [main] DEBUG org.testng.TestNG - suiteXmlPath: "M:\OpencartV1\master.xml"
20:54:03.355 [main] INFO  testCases.TC001_AccountRegTest - *******Starting TC001_AccountRegTest********
20:54:03.408 [main] INFO  testCases.TC001_AccountRegTest - Clicking on Account
20:54:03.486 [main] INFO  testCases.TC001_AccountRegTest - Clicking on Register
20:54:03.966 [main] INFO  testCases.TC001_AccountRegTest - Submitting Basic Customer Info
20:54:04.544 [main] INFO  testCases.TC001_AccountRegTest - ********Doing Validation*********
20:54:07.409 [main] INFO  testCases.TC001_AccountRegTest - **********Finished Tests***********
20:54:11.286 [main] INFO  testCases.TC002_LoginTest - *******Initiating TC002_LoginTest********
20:54:11.286 [main] INFO  testCases.TC002_LoginTest - Clicking on MyAccount
20:54:11.355 [main] INFO  testCases.TC002_LoginTest - Clicking on Login_Btn
20:54:11.602 [main] INFO  testCases.TC002_LoginTest - Submitting mail & pwd for login
20:54:13.082 [main] INFO  testCases.TC002_LoginTest - *******Validating*******
20:54:13.136 [main] INFO  testCases.TC002_LoginTest - Finished Test
20:56:09.949 [main] DEBUG org.testng.TestNG - suiteXmlPath: "M:\OpencartV1\master.xml"
20:56:12.635 [main] INFO  testCases.TC001_AccountRegTest - *******Starting TC001_AccountRegTest********
20:56:12.668 [main] INFO  testCases.TC001_AccountRegTest - Clicking on Account
20:56:12.777 [main] INFO  testCases.TC001_AccountRegTest - Clicking on Register
20:56:13.136 [main] INFO  testCases.TC001_AccountRegTest - Submitting Basic Customer Info
20:56:16.673 [main] INFO  testCases.TC001_AccountRegTest - ********Doing Validation*********
20:56:16.708 [main] INFO  testCases.TC001_AccountRegTest - **********Finished Tests***********
20:56:20.404 [main] INFO  testCases.TC002_LoginTest - *******Initiating TC002_LoginTest********
20:56:20.409 [main] INFO  testCases.TC002_LoginTest - Clicking on MyAccount
20:56:20.501 [main] INFO  testCases.TC002_LoginTest - Clicking on Login_Btn
20:56:20.777 [main] INFO  testCases.TC002_LoginTest - Submitting mail & pwd for login
20:56:20.981 [main] INFO  testCases.TC002_LoginTest - *******Validating*******
20:56:22.081 [main] INFO  testCases.TC002_LoginTest - Finished Test
21:06:52.904 [main] DEBUG org.testng.TestNG - suiteXmlPath: "M:\OpencartV1\master.xml"
21:06:55.359 [main] INFO  testCases.TC001_AccountRegTest - *******Starting TC001_AccountRegTest********
21:06:55.392 [main] INFO  testCases.TC001_AccountRegTest - Clicking on Account
21:06:55.513 [main] INFO  testCases.TC001_AccountRegTest - Clicking on Register
21:06:55.849 [main] INFO  testCases.TC001_AccountRegTest - Submitting Basic Customer Info
21:06:57.538 [main] INFO  testCases.TC001_AccountRegTest - ********Doing Validation*********
21:06:57.573 [main] INFO  testCases.TC001_AccountRegTest - **********Finished Tests***********
21:07:01.339 [main] INFO  testCases.TC002_LoginTest - *******Initiating TC002_LoginTest********
21:07:01.339 [main] INFO  testCases.TC002_LoginTest - Clicking on MyAccount
21:07:01.434 [main] INFO  testCases.TC002_LoginTest - Clicking on Login_Btn
21:07:01.770 [main] INFO  testCases.TC002_LoginTest - Submitting mail & pwd for login
21:07:01.972 [main] INFO  testCases.TC002_LoginTest - *******Validating*******
21:07:03.298 [main] INFO  testCases.TC002_LoginTest - Finished Test
13:41:25.458 [main] DEBUG org.testng.TestNG - suiteXmlPath: "M:\OpencartV1\master.xml"
13:43:32.214 [main] DEBUG org.testng.TestNG - suiteXmlPath: "M:\OpencartV1\master.xml"
13:43:35.229 [main] INFO  testCases.TC001_AccountRegTest - *******Starting TC001_AccountRegTest********
13:43:35.260 [main] INFO  testCases.TC001_AccountRegTest - Clicking on Account
13:43:35.356 [main] INFO  testCases.TC001_AccountRegTest - Clicking on Register
13:43:35.657 [main] INFO  testCases.TC001_AccountRegTest - Submitting Basic Customer Info
13:43:36.951 [main] INFO  testCases.TC001_AccountRegTest - ********Doing Validation*********
13:43:36.988 [main] INFO  testCases.TC001_AccountRegTest - **********Finished Tests***********
13:43:42.226 [main] INFO  testCases.TC002_LoginTest - *******Initiating TC002_LoginTest********
13:43:42.226 [main] INFO  testCases.TC002_LoginTest - Clicking on MyAccount
13:43:42.292 [main] INFO  testCases.TC002_LoginTest - Clicking on Login_Btn
13:43:42.516 [main] INFO  testCases.TC002_LoginTest - Submitting mail & pwd for login
13:43:42.796 [main] INFO  testCases.TC002_LoginTest - *******Validating*******
13:43:44.672 [main] INFO  testCases.TC002_LoginTest - Finished Test
